<?xml version="1.0" encoding="UTF-8"?>
<!-- Generated by org.testng.reporters.JUnitReportReporter -->
<testsuite hostname="DESKTOP-JM49LUU" failures="0" tests="1" name="analysis.FileTests" time="0.016" errors="0" timestamp="2019-11-22T18:41:44 CET" skipped="0">
  <testcase classname="analysis.FileTests" name="TestFile" time="0.016"/>
</testsuite> <!-- analysis.FileTests -->
